[0625/134919:ERROR:process_reader_win.cc(232)] ReadMemory at 0x47868b5000 of 852 bytes failed: Only part of a ReadProcessMemory or WriteProcessMemory request was completed. (0x12B)
[0625/135028:ERROR:process_snapshot_win.cc(349)] ReadMemory PEB
[0625/135028:ERROR:process_reader_win.cc(232)] ReadMemory at 0x7ff66b430000 of 64 bytes failed: Only part of a ReadProcessMemory or WriteProcessMemory request was completed. (0x12B)
[0625/135028:WARNING:pe_image_reader.cc(280)] could not read dos header from C:\Program Files (x86)\Google\Chrome\Application\chrome.exe
[0625/135028:ERROR:process_reader_win.cc(232)] ReadMemory at 0x7ffd922b0000 of 64 bytes failed: Only part of a ReadProcessMemory or WriteProcessMemory request was completed. (0x12B)
[0625/135028:WARNING:pe_image_reader.cc(280)] could not read dos header from C:\Windows\SYSTEM32\ntdll.dll
[0625/135028:ERROR:process_reader_win.cc(232)] ReadMemory at 0x7ffd8f010000 of 64 bytes failed: Only part of a ReadProcessMemory or WriteProcessMemory request was completed. (0x12B)
[0625/135028:WARNING:pe_image_reader.cc(280)] could not read dos header from C:\Windows\system32\KERNELBASE.dll
[0625/135028:ERROR:process_reader_win.cc(232)] ReadMemory at 0x7ffd92060000 of 64 bytes failed: Only part of a ReadProcessMemory or WriteProcessMemory request was completed. (0x12B)
[0625/135028:WARNING:pe_image_reader.cc(280)] could not read dos header from C:\Windows\system32\KERNEL32.DLL
[0625/135028:ERROR:process_reader_win.cc(232)] ReadMemory at 0x7ffd91f40000 of 64 bytes failed: Only part of a ReadProcessMemory or WriteProcessMemory request was completed. (0x12B)
[0625/135028:WARNING:pe_image_reader.cc(280)] could not read dos header from C:\Windows\system32\PSAPI.DLL
[0625/135028:ERROR:process_reader_win.cc(232)] ReadMemory at 0x7ffd91f50000 of 64 bytes failed: Only part of a ReadProcessMemory or WriteProcessMemory request was completed. (0x12B)
[0625/135028:WARNING:pe_image_reader.cc(280)] could not read dos header from C:\Windows\system32\msvcrt.dll
[0625/135028:ERROR:process_reader_win.cc(232)] ReadMemory at 0x7ffd903f0000 of 64 bytes failed: Only part of a ReadProcessMemory or WriteProcessMemory request was completed. (0x12B)
[0625/135028:WARNING:pe_image_reader.cc(280)] could not read dos header from C:\Windows\system32\RPCRT4.dll
[0625/135028:ERROR:process_reader_win.cc(232)] ReadMemory at 0x7ffd8f580000 of 64 bytes failed: Only part of a ReadProcessMemory or WriteProcessMemory request was completed. (0x12B)
[0625/135028:WARNING:pe_image_reader.cc(280)] could not read dos header from C:\Windows\system32\bcryptPrimitives.dll
[0625/135028:ERROR:process_reader_win.cc(232)] ReadMemory at 0x7ffd8f6b0000 of 64 bytes failed: Only part of a ReadProcessMemory or WriteProcessMemory request was completed. (0x12B)
[0625/135028:WARNING:pe_image_reader.cc(280)] could not read dos header from C:\Windows\system32\combase.dll
[0625/135028:ERROR:process_reader_win.cc(232)] ReadMemory at 0x7ffd8fe50000 of 64 bytes failed: Only part of a ReadProcessMemory or WriteProcessMemory request was completed. (0x12B)
[0625/135028:WARNING:pe_image_reader.cc(280)] could not read dos header from C:\Windows\system32\USER32.dll
[0625/135028:ERROR:process_reader_win.cc(232)] ReadMemory at 0x7ffd8fcc0000 of 64 bytes failed: Only part of a ReadProcessMemory or WriteProcessMemory request was completed. (0x12B)
[0625/135028:WARNING:pe_image_reader.cc(280)] could not read dos header from C:\Windows\system32\GDI32.dll
[0625/135028:ERROR:process_reader_win.cc(232)] ReadMemory at 0x7ffd92270000 of 64 bytes failed: Only part of a ReadProcessMemory or WriteProcessMemory request was completed. (0x12B)
[0625/135028:WARNING:pe_image_reader.cc(280)] could not read dos header from C:\Windows\system32\IMM32.DLL
[0625/135028:ERROR:process_reader_win.cc(232)] ReadMemory at 0x7ffd91ee0000 of 64 bytes failed: Only part of a ReadProcessMemory or WriteProcessMemory request was completed. (0x12B)
[0625/135028:WARNING:pe_image_reader.cc(280)] could not read dos header from C:\Windows\system32\SHLWAPI.dll
[0625/135028:ERROR:process_reader_win.cc(232)] ReadMemory at 0x7ffd91c10000 of 64 bytes failed: Only part of a ReadProcessMemory or WriteProcessMemory request was completed. (0x12B)
[0625/135028:WARNING:pe_image_reader.cc(280)] could not read dos header from C:\Windows\system32\sechost.dll
[0625/135028:ERROR:process_reader_win.cc(232)] ReadMemory at 0x7ffd8fae0000 of 64 bytes failed: Only part of a ReadProcessMemory or WriteProcessMemory request was completed. (0x12B)
[0625/135028:WARNING:pe_image_reader.cc(280)] could not read dos header from C:\Windows\system32\ADVAPI32.dll
[0625/135028:ERROR:process_reader_win.cc(232)] ReadMemory at 0x7ffd88280000 of 64 bytes failed: Only part of a ReadProcessMemory or WriteProcessMemory request was completed. (0x12B)
[0625/135028:WARNING:pe_image_reader.cc(280)] could not read dos header from C:\Windows\SYSTEM32\MSVCR110.dll
[0625/135028:ERROR:process_reader_win.cc(232)] ReadMemory at 0x7ffd88140000 of 64 bytes failed: Only part of a ReadProcessMemory or WriteProcessMemory request was completed. (0x12B)
[0625/135028:WARNING:pe_image_reader.cc(280)] could not read dos header from C:\Windows\SYSTEM32\MSVCP110.dll
[0625/135028:ERROR:process_reader_win.cc(232)] ReadMemory at 0x7ffd892e0000 of 64 bytes failed: Only part of a ReadProcessMemory or WriteProcessMemory request was completed. (0x12B)
[0625/135028:WARNING:pe_image_reader.cc(280)] could not read dos header from C:\Windows\system32\tmumh\20019\AddOn\6.70.0.1078\TmUmEvt64.dll
[0625/135028:ERROR:process_reader_win.cc(232)] ReadMemory at 0x54630000 of 64 bytes failed: Only part of a ReadProcessMemory or WriteProcessMemory request was completed. (0x12B)
[0625/135028:WARNING:pe_image_reader.cc(280)] could not read dos header from C:\Windows\system32\tmumh\20019\TmMon\1.6.0.1112\tmmon64.dll
[0625/135028:ERROR:process_reader_win.cc(232)] ReadMemory at 0x7ffd8e3d0000 of 64 bytes failed: Only part of a ReadProcessMemory or WriteProcessMemory request was completed. (0x12B)
[0625/135028:WARNING:pe_image_reader.cc(280)] could not read dos header from C:\Windows\SYSTEM32\CRYPTBASE.DLL
[0625/135028:ERROR:process_reader_win.cc(232)] ReadMemory at 0x7ffd840b0000 of 64 bytes failed: Only part of a ReadProcessMemory or WriteProcessMemory request was completed. (0x12B)
[0625/135028:WARNING:pe_image_reader.cc(280)] could not read dos header from C:\Program Files (x86)\Google\Chrome\Application\51.0.2704.103\chrome_elf.dll
[0625/135028:ERROR:process_reader_win.cc(232)] ReadMemory at 0x7ffd8dca0000 of 64 bytes failed: Only part of a ReadProcessMemory or WriteProcessMemory request was completed. (0x12B)
[0625/135028:WARNING:pe_image_reader.cc(280)] could not read dos header from C:\Windows\SYSTEM32\VERSION.dll
[0625/135028:ERROR:process_reader_win.cc(232)] ReadMemory at 0x7ffd8f510000 of 64 bytes failed: Only part of a ReadProcessMemory or WriteProcessMemory request was completed. (0x12B)
[0625/135028:WARNING:pe_image_reader.cc(280)] could not read dos header from C:\Windows\system32\cfgmgr32.dll
[0625/135028:ERROR:process_reader_win.cc(232)] ReadMemory at 0x7ffd8c700000 of 64 bytes failed: Only part of a ReadProcessMemory or WriteProcessMemory request was completed. (0x12B)
[0625/135028:WARNING:pe_image_reader.cc(280)] could not read dos header from C:\Windows\SYSTEM32\WINMMBASE.dll
[0625/135028:ERROR:process_reader_win.cc(232)] ReadMemory at 0x7ffd8c730000 of 64 bytes failed: Only part of a ReadProcessMemory or WriteProcessMemory request was completed. (0x12B)
[0625/135028:WARNING:pe_image_reader.cc(280)] could not read dos header from C:\Windows\SYSTEM32\WINMM.dll
[0625/135028:ERROR:process_reader_win.cc(232)] ReadMemory at 0x7ffd8e8d0000 of 64 bytes failed: Only part of a ReadProcessMemory or WriteProcessMemory request was completed. (0x12B)
[0625/135028:WARNING:pe_image_reader.cc(280)] could not read dos header from C:\Windows\system32\profapi.dll
[0625/135028:ERROR:process_reader_win.cc(232)] ReadMemory at 0x7ffd8e090000 of 64 bytes failed: Only part of a ReadProcessMemory or WriteProcessMemory request was completed. (0x12B)
[0625/135028:WARNING:pe_image_reader.cc(280)] could not read dos header from C:\Windows\SYSTEM32\USERENV.dll
[0625/135028:ERROR:process_reader_win.cc(232)] ReadMemory at 0x7ffd8dcb0000 of 64 bytes failed: Only part of a ReadProcessMemory or WriteProcessMemory request was completed. (0x12B)
[0625/135028:WARNING:pe_image_reader.cc(280)] could not read dos header from C:\Windows\SYSTEM32\WTSAPI32.dll
[0625/135028:ERROR:process_reader_win.cc(232)] ReadMemory at 0x7ffd8a4a0000 of 64 bytes failed: Only part of a ReadProcessMemory or WriteProcessMemory request was completed. (0x12B)
[0625/135028:WARNING:pe_image_reader.cc(280)] could not read dos header from C:\Windows\SYSTEM32\WINHTTP.dll
[0625/135028:ERROR:process_reader_win.cc(232)] ReadMemory at 0x7ffd8e940000 of 64 bytes failed: Only part of a ReadProcessMemory or WriteProcessMemory request was completed. (0x12B)
[0625/135028:WARNING:pe_image_reader.cc(280)] could not read dos header from C:\Windows\system32\kernel.appcore.dll
[0625/135028:ERROR:process_reader_win.cc(232)] ReadMemory at 0x7ffd8f5f0000 of 64 bytes failed: Only part of a ReadProcessMemory or WriteProcessMemory request was completed. (0x12B)
[0625/135028:WARNING:pe_image_reader.cc(280)] could not read dos header from C:\Windows\system32\shcore.dll
[0625/135028:ERROR:process_reader_win.cc(232)] ReadMemory at 0x7ffd8e8f0000 of 64 bytes failed: Only part of a ReadProcessMemory or WriteProcessMemory request was completed. (0x12B)
[0625/135028:WARNING:pe_image_reader.cc(280)] could not read dos header from C:\Windows\system32\powrprof.dll
[0625/135028:ERROR:process_reader_win.cc(232)] ReadMemory at 0x7ffd8e960000 of 64 bytes failed: Only part of a ReadProcessMemory or WriteProcessMemory request was completed. (0x12B)
[0625/135028:WARNING:pe_image_reader.cc(280)] could not read dos header from C:\Windows\system32\windows.storage.dll
[0625/135028:ERROR:process_reader_win.cc(232)] ReadMemory at 0x7ffd905e0000 of 64 bytes failed: Only part of a ReadProcessMemory or WriteProcessMemory request was completed. (0x12B)
[0625/135028:WARNING:pe_image_reader.cc(280)] could not read dos header from C:\Windows\system32\SHELL32.dll
[0625/135028:ERROR:process_reader_win.cc(232)] ReadMemory at 0x7ffd8e4d0000 of 64 bytes failed: Only part of a ReadProcessMemory or WriteProcessMemory request was completed. (0x12B)
[0625/135028:WARNING:pe_image_reader.cc(280)] could not read dos header from C:\Windows\SYSTEM32\bcrypt.dll
[0625/135028:ERROR:process_reader_win.cc(232)] ReadMemory at 0x7ffd8ada0000 of 64 bytes failed: Only part of a ReadProcessMemory or WriteProcessMemory request was completed. (0x12B)
[0625/135028:WARNING:pe_image_reader.cc(280)] could not read dos header from C:\Windows\SYSTEM32\WINSPOOL.DRV
[0625/135028:ERROR:process_reader_win.cc(232)] ReadMemory at 0x7ffd855b0000 of 64 bytes failed: Only part of a ReadProcessMemory or WriteProcessMemory request was completed. (0x12B)
[0625/135028:WARNING:pe_image_reader.cc(280)] could not read dos header from C:\Windows\WinSxS\amd64_microsoft.windows.common-controls_6595b64144ccf1df_6.0.10586.0_none_8c15ae12515e1c22\COMCTL32.dll
[0625/135028:ERROR:process_reader_win.cc(232)] ReadMemory at 0x7ffd8f480000 of 64 bytes failed: Only part of a ReadProcessMemory or WriteProcessMemory request was completed. (0x12B)
[0625/135028:WARNING:pe_image_reader.cc(280)] could not read dos header from C:\Windows\system32\FirewallAPI.dll
[0625/135028:ERROR:process_reader_win.cc(232)] ReadMemory at 0x7ffd8d3d0000 of 64 bytes failed: Only part of a ReadProcessMemory or WriteProcessMemory request was completed. (0x12B)
[0625/135028:WARNING:pe_image_reader.cc(280)] could not read dos header from C:\Windows\system32\fwbase.dll
[0625/135028:ERROR:process_reader_win.cc(232)] ReadMemory at 0x7ffd8f560000 of 64 bytes failed: Only part of a ReadProcessMemory or WriteProcessMemory request was completed. (0x12B)
[0625/135028:WARNING:pe_image_reader.cc(280)] could not read dos header from C:\Windows\system32\NETAPI32.dll
[0625/135028:ERROR:process_reader_win.cc(232)] ReadMemory at 0x7ffd85930000 of 64 bytes failed: Only part of a ReadProcessMemory or WriteProcessMemory request was completed. (0x12B)
[0625/135028:WARNING:pe_image_reader.cc(280)] could not read dos header from C:\Windows\SYSTEM32\DAVHLPR.DLL
[0625/135028:ERROR:process_reader_win.cc(232)] ReadMemory at 0x7ffd8fb90000 of 64 bytes failed: Only part of a ReadProcessMemory or WriteProcessMemory request was completed. (0x12B)
[0625/135028:WARNING:pe_image_reader.cc(280)] could not read dos header from C:\Windows\system32\COMDLG32.dll
[0625/135028:ERROR:process_reader_win.cc(232)] ReadMemory at 0x7ffd8f930000 of 64 bytes failed: Only part of a ReadProcessMemory or WriteProcessMemory request was completed. (0x12B)
[0625/135028:WARNING:pe_image_reader.cc(280)] could not read dos header from C:\Windows\system32\ole32.dll
[0625/135028:ERROR:process_reader_win.cc(232)] ReadMemory at 0x7ffd90510000 of 64 bytes failed: Only part of a ReadProcessMemory or WriteProcessMemory request was completed. (0x12B)
[0625/135028:WARNING:pe_image_reader.cc(280)] could not read dos header from C:\Windows\system32\OLEAUT32.dll
[0625/135028:ERROR:process_reader_win.cc(232)] ReadMemory at 0x7ffd8b960000 of 64 bytes failed: Only part of a ReadProcessMemory or WriteProcessMemory request was completed. (0x12B)
[0625/135028:WARNING:pe_image_reader.cc(280)] could not read dos header from C:\Windows\SYSTEM32\IPHLPAPI.DLL
[0625/135028:ERROR:process_reader_win.cc(232)] ReadMemory at 0x7ffd91b40000 of 64 bytes failed: Only part of a ReadProcessMemory or WriteProcessMemory request was completed. (0x12B)
[0625/135028:WARNING:pe_image_reader.cc(280)] could not read dos header from C:\Windows\system32\WS2_32.dll
[0625/135028:ERROR:process_reader_win.cc(232)] ReadMemory at 0x7ffd68810000 of 64 bytes failed: Only part of a ReadProcessMemory or WriteProcessMemory request was completed. (0x12B)
[0625/135028:WARNING:pe_image_reader.cc(280)] could not read dos header from C:\Windows\SYSTEM32\USP10.dll
[0625/135028:ERROR:process_reader_win.cc(232)] ReadMemory at 0x7ffd8e950000 of 64 bytes failed: Only part of a ReadProcessMemory or WriteProcessMemory request was completed. (0x12B)
[0625/135028:WARNING:pe_image_reader.cc(280)] could not read dos header from C:\Windows\system32\MSASN1.dll
[0625/135028:ERROR:process_reader_win.cc(232)] ReadMemory at 0x7ffd8f2b0000 of 64 bytes failed: Only part of a ReadProcessMemory or WriteProcessMemory request was completed. (0x12B)
[0625/135028:WARNING:pe_image_reader.cc(280)] could not read dos header from C:\Windows\system32\CRYPT32.dll
[0625/135028:ERROR:process_reader_win.cc(232)] ReadMemory at 0x7ffd8efb0000 of 64 bytes failed: Only part of a ReadProcessMemory or WriteProcessMemory request was completed. (0x12B)
[0625/135028:WARNING:pe_image_reader.cc(280)] could not read dos header from C:\Windows\system32\WINTRUST.dll
[0625/135028:ERROR:process_reader_win.cc(232)] ReadMemory at 0x7ffd8dcd0000 of 64 bytes failed: Only part of a ReadProcessMemory or WriteProcessMemory request was completed. (0x12B)
[0625/135028:WARNING:pe_image_reader.cc(280)] could not read dos header from C:\Windows\SYSTEM32\Secur32.dll
[0625/135028:ERROR:process_reader_win.cc(232)] ReadMemory at 0x7ffd8e5e0000 of 64 bytes failed: Only part of a ReadProcessMemory or WriteProcessMemory request was completed. (0x12B)
[0625/135028:WARNING:pe_image_reader.cc(280)] could not read dos header from C:\Windows\SYSTEM32\SSPICLI.DLL
[0625/135028:ERROR:process_reader_win.cc(232)] ReadMemory at 0x7ffd36370000 of 64 bytes failed: Only part of a ReadProcessMemory or WriteProcessMemory request was completed. (0x12B)
[0625/135028:WARNING:pe_image_reader.cc(280)] could not read dos header from C:\Program Files (x86)\Google\Chrome\Application\51.0.2704.103\chrome_child.dll
[0625/135028:ERROR:process_reader_win.cc(232)] ReadMemory at 0x7ffd77510000 of 64 bytes failed: Only part of a ReadProcessMemory or WriteProcessMemory request was completed. (0x12B)
[0625/135028:WARNING:pe_image_reader.cc(280)] could not read dos header from C:\Windows\SYSTEM32\dwrite.dll
[0625/135028:ERROR:process_reader_win.cc(232)] ReadMemory at 0x7ffd923f5340 of 6656 bytes failed: Only part of a ReadProcessMemory or WriteProcessMemory request was completed. (0x12B)
[0625/135028:ERROR:process_reader_win.cc(232)] ReadMemory at 0x7ff66b430000 of 64 bytes failed: Only part of a ReadProcessMemory or WriteProcessMemory request was completed. (0x12B)
[0625/135028:WARNING:pe_image_reader.cc(280)] could not read dos header from C:\Program Files (x86)\Google\Chrome\Application\chrome.exe
[0625/135028:ERROR:process_reader_win.cc(232)] ReadMemory at 0x7ffd922b0000 of 64 bytes failed: Only part of a ReadProcessMemory or WriteProcessMemory request was completed. (0x12B)
[0625/135028:WARNING:pe_image_reader.cc(280)] could not read dos header from C:\Windows\SYSTEM32\ntdll.dll
[0625/135028:ERROR:process_reader_win.cc(232)] ReadMemory at 0x7ffd8f010000 of 64 bytes failed: Only part of a ReadProcessMemory or WriteProcessMemory request was completed. (0x12B)
[0625/135028:WARNING:pe_image_reader.cc(280)] could not read dos header from C:\Windows\system32\KERNELBASE.dll
[0625/135028:ERROR:process_reader_win.cc(232)] ReadMemory at 0x7ffd92060000 of 64 bytes failed: Only part of a ReadProcessMemory or WriteProcessMemory request was completed. (0x12B)
[0625/135028:WARNING:pe_image_reader.cc(280)] could not read dos header from C:\Windows\system32\KERNEL32.DLL
[0625/135028:ERROR:process_reader_win.cc(232)] ReadMemory at 0x7ffd91f40000 of 64 bytes failed: Only part of a ReadProcessMemory or WriteProcessMemory request was completed. (0x12B)
[0625/135028:WARNING:pe_image_reader.cc(280)] could not read dos header from C:\Windows\system32\PSAPI.DLL
[0625/135028:ERROR:process_reader_win.cc(232)] ReadMemory at 0x7ffd91f50000 of 64 bytes failed: Only part of a ReadProcessMemory or WriteProcessMemory request was completed. (0x12B)
[0625/135028:WARNING:pe_image_reader.cc(280)] could not read dos header from C:\Windows\system32\msvcrt.dll
[0625/135028:ERROR:process_reader_win.cc(232)] ReadMemory at 0x7ffd903f0000 of 64 bytes failed: Only part of a ReadProcessMemory or WriteProcessMemory request was completed. (0x12B)
[0625/135028:WARNING:pe_image_reader.cc(280)] could not read dos header from C:\Windows\system32\RPCRT4.dll
[0625/135028:ERROR:process_reader_win.cc(232)] ReadMemory at 0x7ffd8f580000 of 64 bytes failed: Only part of a ReadProcessMemory or WriteProcessMemory request was completed. (0x12B)
[0625/135028:WARNING:pe_image_reader.cc(280)] could not read dos header from C:\Windows\system32\bcryptPrimitives.dll
[0625/135028:ERROR:process_reader_win.cc(232)] ReadMemory at 0x7ffd8f6b0000 of 64 bytes failed: Only part of a ReadProcessMemory or WriteProcessMemory request was completed. (0x12B)
[0625/135028:WARNING:pe_image_reader.cc(280)] could not read dos header from C:\Windows\system32\combase.dll
[0625/135028:ERROR:process_reader_win.cc(232)] ReadMemory at 0x7ffd8fe50000 of 64 bytes failed: Only part of a ReadProcessMemory or WriteProcessMemory request was completed. (0x12B)
[0625/135028:WARNING:pe_image_reader.cc(280)] could not read dos header from C:\Windows\system32\USER32.dll
[0625/135028:ERROR:process_reader_win.cc(232)] ReadMemory at 0x7ffd8fcc0000 of 64 bytes failed: Only part of a ReadProcessMemory or WriteProcessMemory request was completed. (0x12B)
[0625/135028:WARNING:pe_image_reader.cc(280)] could not read dos header from C:\Windows\system32\GDI32.dll
[0625/135028:ERROR:process_reader_win.cc(232)] ReadMemory at 0x7ffd92270000 of 64 bytes failed: Only part of a ReadProcessMemory or WriteProcessMemory request was completed. (0x12B)
[0625/135028:WARNING:pe_image_reader.cc(280)] could not read dos header from C:\Windows\system32\IMM32.DLL
[0625/135028:ERROR:process_reader_win.cc(232)] ReadMemory at 0x7ffd91ee0000 of 64 bytes failed: Only part of a ReadProcessMemory or WriteProcessMemory request was completed. (0x12B)
[0625/135028:WARNING:pe_image_reader.cc(280)] could not read dos header from C:\Windows\system32\SHLWAPI.dll
[0625/135028:ERROR:process_reader_win.cc(232)] ReadMemory at 0x7ffd91c10000 of 64 bytes failed: Only part of a ReadProcessMemory or WriteProcessMemory request was completed. (0x12B)
[0625/135028:WARNING:pe_image_reader.cc(280)] could not read dos header from C:\Windows\system32\sechost.dll
[0625/135028:ERROR:process_reader_win.cc(232)] ReadMemory at 0x7ffd8fae0000 of 64 bytes failed: Only part of a ReadProcessMemory or WriteProcessMemory request was completed. (0x12B)
[0625/135028:WARNING:pe_image_reader.cc(280)] could not read dos header from C:\Windows\system32\ADVAPI32.dll
[0625/135028:ERROR:process_reader_win.cc(232)] ReadMemory at 0x7ffd88280000 of 64 bytes failed: Only part of a ReadProcessMemory or WriteProcessMemory request was completed. (0x12B)
[0625/135028:WARNING:pe_image_reader.cc(280)] could not read dos header from C:\Windows\SYSTEM32\MSVCR110.dll
[0625/135028:ERROR:process_reader_win.cc(232)] ReadMemory at 0x7ffd88140000 of 64 bytes failed: Only part of a ReadProcessMemory or WriteProcessMemory request was completed. (0x12B)
[0625/135028:WARNING:pe_image_reader.cc(280)] could not read dos header from C:\Windows\SYSTEM32\MSVCP110.dll
[0625/135028:ERROR:process_reader_win.cc(232)] ReadMemory at 0x7ffd892e0000 of 64 bytes failed: Only part of a ReadProcessMemory or WriteProcessMemory request was completed. (0x12B)
[0625/135028:WARNING:pe_image_reader.cc(280)] could not read dos header from C:\Windows\system32\tmumh\20019\AddOn\6.70.0.1078\TmUmEvt64.dll
[0625/135028:ERROR:process_reader_win.cc(232)] ReadMemory at 0x54630000 of 64 bytes failed: Only part of a ReadProcessMemory or WriteProcessMemory request was completed. (0x12B)
[0625/135028:WARNING:pe_image_reader.cc(280)] could not read dos header from C:\Windows\system32\tmumh\20019\TmMon\1.6.0.1112\tmmon64.dll
[0625/135028:ERROR:process_reader_win.cc(232)] ReadMemory at 0x7ffd8e3d0000 of 64 bytes failed: Only part of a ReadProcessMemory or WriteProcessMemory request was completed. (0x12B)
[0625/135028:WARNING:pe_image_reader.cc(280)] could not read dos header from C:\Windows\SYSTEM32\CRYPTBASE.DLL
[0625/135028:ERROR:process_reader_win.cc(232)] ReadMemory at 0x7ffd840b0000 of 64 bytes failed: Only part of a ReadProcessMemory or WriteProcessMemory request was completed. (0x12B)
[0625/135028:WARNING:pe_image_reader.cc(280)] could not read dos header from C:\Program Files (x86)\Google\Chrome\Application\51.0.2704.103\chrome_elf.dll
[0625/135028:ERROR:process_reader_win.cc(232)] ReadMemory at 0x7ffd8dca0000 of 64 bytes failed: Only part of a ReadProcessMemory or WriteProcessMemory request was completed. (0x12B)
[0625/135028:WARNING:pe_image_reader.cc(280)] could not read dos header from C:\Windows\SYSTEM32\VERSION.dll
[0625/135028:ERROR:process_reader_win.cc(232)] ReadMemory at 0x7ffd8f510000 of 64 bytes failed: Only part of a ReadProcessMemory or WriteProcessMemory request was completed. (0x12B)
[0625/135028:WARNING:pe_image_reader.cc(280)] could not read dos header from C:\Windows\system32\cfgmgr32.dll
[0625/135028:ERROR:process_reader_win.cc(232)] ReadMemory at 0x7ffd8c700000 of 64 bytes failed: Only part of a ReadProcessMemory or WriteProcessMemory request was completed. (0x12B)
[0625/135028:WARNING:pe_image_reader.cc(280)] could not read dos header from C:\Windows\SYSTEM32\WINMMBASE.dll
[0625/135028:ERROR:process_reader_win.cc(232)] ReadMemory at 0x7ffd8c730000 of 64 bytes failed: Only part of a ReadProcessMemory or WriteProcessMemory request was completed. (0x12B)
[0625/135028:WARNING:pe_image_reader.cc(280)] could not read dos header from C:\Windows\SYSTEM32\WINMM.dll
[0625/135028:ERROR:process_reader_win.cc(232)] ReadMemory at 0x7ffd8e8d0000 of 64 bytes failed: Only part of a ReadProcessMemory or WriteProcessMemory request was completed. (0x12B)
[0625/135028:WARNING:pe_image_reader.cc(280)] could not read dos header from C:\Windows\system32\profapi.dll
[0625/135028:ERROR:process_reader_win.cc(232)] ReadMemory at 0x7ffd8e090000 of 64 bytes failed: Only part of a ReadProcessMemory or WriteProcessMemory request was completed. (0x12B)
[0625/135028:WARNING:pe_image_reader.cc(280)] could not read dos header from C:\Windows\SYSTEM32\USERENV.dll
[0625/135028:ERROR:process_reader_win.cc(232)] ReadMemory at 0x7ffd8dcb0000 of 64 bytes failed: Only part of a ReadProcessMemory or WriteProcessMemory request was completed. (0x12B)
[0625/135028:WARNING:pe_image_reader.cc(280)] could not read dos header from C:\Windows\SYSTEM32\WTSAPI32.dll
[0625/135028:ERROR:process_reader_win.cc(232)] ReadMemory at 0x7ffd8a4a0000 of 64 bytes failed: Only part of a ReadProcessMemory or WriteProcessMemory request was completed. (0x12B)
[0625/135028:WARNING:pe_image_reader.cc(280)] could not read dos header from C:\Windows\SYSTEM32\WINHTTP.dll
[0625/135028:ERROR:process_reader_win.cc(232)] ReadMemory at 0x7ffd8e940000 of 64 bytes failed: Only part of a ReadProcessMemory or WriteProcessMemory request was completed. (0x12B)
[0625/135028:WARNING:pe_image_reader.cc(280)] could not read dos header from C:\Windows\system32\kernel.appcore.dll
[0625/135028:ERROR:process_reader_win.cc(232)] ReadMemory at 0x7ffd8f5f0000 of 64 bytes failed: Only part of a ReadProcessMemory or WriteProcessMemory request was completed. (0x12B)
[0625/135028:WARNING:pe_image_reader.cc(280)] could not read dos header from C:\Windows\system32\shcore.dll
[0625/135028:ERROR:process_reader_win.cc(232)] ReadMemory at 0x7ffd8e8f0000 of 64 bytes failed: Only part of a ReadProcessMemory or WriteProcessMemory request was completed. (0x12B)
[0625/135028:WARNING:pe_image_reader.cc(280)] could not read dos header from C:\Windows\system32\powrprof.dll
[0625/135028:ERROR:process_reader_win.cc(232)] ReadMemory at 0x7ffd8e960000 of 64 bytes failed: Only part of a ReadProcessMemory or WriteProcessMemory request was completed. (0x12B)
[0625/135028:WARNING:pe_image_reader.cc(280)] could not read dos header from C:\Windows\system32\windows.storage.dll
[0625/135028:ERROR:process_reader_win.cc(232)] ReadMemory at 0x7ffd905e0000 of 64 bytes failed: Only part of a ReadProcessMemory or WriteProcessMemory request was completed. (0x12B)
[0625/135028:WARNING:pe_image_reader.cc(280)] could not read dos header from C:\Windows\system32\SHELL32.dll
[0625/135028:ERROR:process_reader_win.cc(232)] ReadMemory at 0x7ffd8e4d0000 of 64 bytes failed: Only part of a ReadProcessMemory or WriteProcessMemory request was completed. (0x12B)
[0625/135028:WARNING:pe_image_reader.cc(280)] could not read dos header from C:\Windows\SYSTEM32\bcrypt.dll
[0625/135028:ERROR:process_reader_win.cc(232)] ReadMemory at 0x7ffd8ada0000 of 64 bytes failed: Only part of a ReadProcessMemory or WriteProcessMemory request was completed. (0x12B)
[0625/135028:WARNING:pe_image_reader.cc(280)] could not read dos header from C:\Windows\SYSTEM32\WINSPOOL.DRV
[0625/135028:ERROR:process_reader_win.cc(232)] ReadMemory at 0x7ffd855b0000 of 64 bytes failed: Only part of a ReadProcessMemory or WriteProcessMemory request was completed. (0x12B)
[0625/135028:WARNING:pe_image_reader.cc(280)] could not read dos header from C:\Windows\WinSxS\amd64_microsoft.windows.common-controls_6595b64144ccf1df_6.0.10586.0_none_8c15ae12515e1c22\COMCTL32.dll
[0625/135028:ERROR:process_reader_win.cc(232)] ReadMemory at 0x7ffd8f480000 of 64 bytes failed: Only part of a ReadProcessMemory or WriteProcessMemory request was completed. (0x12B)
[0625/135028:WARNING:pe_image_reader.cc(280)] could not read dos header from C:\Windows\system32\FirewallAPI.dll
[0625/135028:ERROR:process_reader_win.cc(232)] ReadMemory at 0x7ffd8d3d0000 of 64 bytes failed: Only part of a ReadProcessMemory or WriteProcessMemory request was completed. (0x12B)
[0625/135028:WARNING:pe_image_reader.cc(280)] could not read dos header from C:\Windows\system32\fwbase.dll
[0625/135028:ERROR:process_reader_win.cc(232)] ReadMemory at 0x7ffd8f560000 of 64 bytes failed: Only part of a ReadProcessMemory or WriteProcessMemory request was completed. (0x12B)
[0625/135028:WARNING:pe_image_reader.cc(280)] could not read dos header from C:\Windows\system32\NETAPI32.dll
[0625/135028:ERROR:process_reader_win.cc(232)] ReadMemory at 0x7ffd85930000 of 64 bytes failed: Only part of a ReadProcessMemory or WriteProcessMemory request was completed. (0x12B)
[0625/135028:WARNING:pe_image_reader.cc(280)] could not read dos header from C:\Windows\SYSTEM32\DAVHLPR.DLL
[0625/135028:ERROR:process_reader_win.cc(232)] ReadMemory at 0x7ffd8fb90000 of 64 bytes failed: Only part of a ReadProcessMemory or WriteProcessMemory request was completed. (0x12B)
[0625/135028:WARNING:pe_image_reader.cc(280)] could not read dos header from C:\Windows\system32\COMDLG32.dll
[0625/135028:ERROR:process_reader_win.cc(232)] ReadMemory at 0x7ffd8f930000 of 64 bytes failed: Only part of a ReadProcessMemory or WriteProcessMemory request was completed. (0x12B)
[0625/135028:WARNING:pe_image_reader.cc(280)] could not read dos header from C:\Windows\system32\ole32.dll
[0625/135028:ERROR:process_reader_win.cc(232)] ReadMemory at 0x7ffd90510000 of 64 bytes failed: Only part of a ReadProcessMemory or WriteProcessMemory request was completed. (0x12B)
[0625/135028:WARNING:pe_image_reader.cc(280)] could not read dos header from C:\Windows\system32\OLEAUT32.dll
[0625/135028:ERROR:process_reader_win.cc(232)] ReadMemory at 0x7ffd8b960000 of 64 bytes failed: Only part of a ReadProcessMemory or WriteProcessMemory request was completed. (0x12B)
[0625/135028:WARNING:pe_image_reader.cc(280)] could not read dos header from C:\Windows\SYSTEM32\IPHLPAPI.DLL
[0625/135028:ERROR:process_reader_win.cc(232)] ReadMemory at 0x7ffd91b40000 of 64 bytes failed: Only part of a ReadProcessMemory or WriteProcessMemory request was completed. (0x12B)
[0625/135028:WARNING:pe_image_reader.cc(280)] could not read dos header from C:\Windows\system32\WS2_32.dll
[0625/135028:ERROR:process_reader_win.cc(232)] ReadMemory at 0x7ffd68810000 of 64 bytes failed: Only part of a ReadProcessMemory or WriteProcessMemory request was completed. (0x12B)
[0625/135028:WARNING:pe_image_reader.cc(280)] could not read dos header from C:\Windows\SYSTEM32\USP10.dll
[0625/135028:ERROR:process_reader_win.cc(232)] ReadMemory at 0x7ffd8e950000 of 64 bytes failed: Only part of a ReadProcessMemory or WriteProcessMemory request was completed. (0x12B)
[0625/135028:WARNING:pe_image_reader.cc(280)] could not read dos header from C:\Windows\system32\MSASN1.dll
[0625/135028:ERROR:process_reader_win.cc(232)] ReadMemory at 0x7ffd8f2b0000 of 64 bytes failed: Only part of a ReadProcessMemory or WriteProcessMemory request was completed. (0x12B)
[0625/135028:WARNING:pe_image_reader.cc(280)] could not read dos header from C:\Windows\system32\CRYPT32.dll
[0625/135028:ERROR:process_reader_win.cc(232)] ReadMemory at 0x7ffd8efb0000 of 64 bytes failed: Only part of a ReadProcessMemory or WriteProcessMemory request was completed. (0x12B)
[0625/135028:WARNING:pe_image_reader.cc(280)] could not read dos header from C:\Windows\system32\WINTRUST.dll
[0625/135028:ERROR:process_reader_win.cc(232)] ReadMemory at 0x7ffd8dcd0000 of 64 bytes failed: Only part of a ReadProcessMemory or WriteProcessMemory request was completed. (0x12B)
[0625/135028:WARNING:pe_image_reader.cc(280)] could not read dos header from C:\Windows\SYSTEM32\Secur32.dll
[0625/135028:ERROR:process_reader_win.cc(232)] ReadMemory at 0x7ffd8e5e0000 of 64 bytes failed: Only part of a ReadProcessMemory or WriteProcessMemory request was completed. (0x12B)
[0625/135028:WARNING:pe_image_reader.cc(280)] could not read dos header from C:\Windows\SYSTEM32\SSPICLI.DLL
[0625/135028:ERROR:process_reader_win.cc(232)] ReadMemory at 0x7ffd36370000 of 64 bytes failed: Only part of a ReadProcessMemory or WriteProcessMemory request was completed. (0x12B)
[0625/135028:WARNING:pe_image_reader.cc(280)] could not read dos header from C:\Program Files (x86)\Google\Chrome\Application\51.0.2704.103\chrome_child.dll
[0625/135028:ERROR:process_reader_win.cc(232)] ReadMemory at 0x7ffd77510000 of 64 bytes failed: Only part of a ReadProcessMemory or WriteProcessMemory request was completed. (0x12B)
[0625/135028:WARNING:pe_image_reader.cc(280)] could not read dos header from C:\Windows\SYSTEM32\dwrite.dll
[0625/135028:ERROR:process_reader_win.cc(98)] process 18088 not found
[0625/135028:ERROR:process_reader_win.cc(232)] ReadMemory at 0x7ff66b430000 of 64 bytes failed: Only part of a ReadProcessMemory or WriteProcessMemory request was completed. (0x12B)
[0625/135028:WARNING:pe_image_reader.cc(280)] could not read dos header from C:\Program Files (x86)\Google\Chrome\Application\chrome.exe
[0625/135028:ERROR:process_reader_win.cc(232)] ReadMemory at 0x7ffd922b0000 of 64 bytes failed: Only part of a ReadProcessMemory or WriteProcessMemory request was completed. (0x12B)
[0625/135028:WARNING:pe_image_reader.cc(280)] could not read dos header from C:\Windows\SYSTEM32\ntdll.dll
[0625/135028:ERROR:process_reader_win.cc(232)] ReadMemory at 0x7ffd8f010000 of 64 bytes failed: Only part of a ReadProcessMemory or WriteProcessMemory request was completed. (0x12B)
[0625/135028:WARNING:pe_image_reader.cc(280)] could not read dos header from C:\Windows\system32\KERNELBASE.dll
[0625/135028:ERROR:process_reader_win.cc(232)] ReadMemory at 0x7ffd92060000 of 64 bytes failed: Only part of a ReadProcessMemory or WriteProcessMemory request was completed. (0x12B)
[0625/135028:WARNING:pe_image_reader.cc(280)] could not read dos header from C:\Windows\system32\KERNEL32.DLL
[0625/135028:ERROR:process_reader_win.cc(232)] ReadMemory at 0x7ffd91f40000 of 64 bytes failed: Only part of a ReadProcessMemory or WriteProcessMemory request was completed. (0x12B)
[0625/135028:WARNING:pe_image_reader.cc(280)] could not read dos header from C:\Windows\system32\PSAPI.DLL
[0625/135028:ERROR:process_reader_win.cc(232)] ReadMemory at 0x7ffd91f50000 of 64 bytes failed: Only part of a ReadProcessMemory or WriteProcessMemory request was completed. (0x12B)
[0625/135028:WARNING:pe_image_reader.cc(280)] could not read dos header from C:\Windows\system32\msvcrt.dll
[0625/135028:ERROR:process_reader_win.cc(232)] ReadMemory at 0x7ffd903f0000 of 64 bytes failed: Only part of a ReadProcessMemory or WriteProcessMemory request was completed. (0x12B)
[0625/135028:WARNING:pe_image_reader.cc(280)] could not read dos header from C:\Windows\system32\RPCRT4.dll
[0625/135028:ERROR:process_reader_win.cc(232)] ReadMemory at 0x7ffd8f580000 of 64 bytes failed: Only part of a ReadProcessMemory or WriteProcessMemory request was completed. (0x12B)
[0625/135028:WARNING:pe_image_reader.cc(280)] could not read dos header from C:\Windows\system32\bcryptPrimitives.dll
[0625/135028:ERROR:process_reader_win.cc(232)] ReadMemory at 0x7ffd8f6b0000 of 64 bytes failed: Only part of a ReadProcessMemory or WriteProcessMemory request was completed. (0x12B)
[0625/135028:WARNING:pe_image_reader.cc(280)] could not read dos header from C:\Windows\system32\combase.dll
[0625/135028:ERROR:process_reader_win.cc(232)] ReadMemory at 0x7ffd8fe50000 of 64 bytes failed: Only part of a ReadProcessMemory or WriteProcessMemory request was completed. (0x12B)
[0625/135028:WARNING:pe_image_reader.cc(280)] could not read dos header from C:\Windows\system32\USER32.dll
[0625/135028:ERROR:process_reader_win.cc(232)] ReadMemory at 0x7ffd8fcc0000 of 64 bytes failed: Only part of a ReadProcessMemory or WriteProcessMemory request was completed. (0x12B)
[0625/135028:WARNING:pe_image_reader.cc(280)] could not read dos header from C:\Windows\system32\GDI32.dll
[0625/135028:ERROR:process_reader_win.cc(232)] ReadMemory at 0x7ffd92270000 of 64 bytes failed: Only part of a ReadProcessMemory or WriteProcessMemory request was completed. (0x12B)
[0625/135028:WARNING:pe_image_reader.cc(280)] could not read dos header from C:\Windows\system32\IMM32.DLL
[0625/135028:ERROR:process_reader_win.cc(232)] ReadMemory at 0x7ffd91ee0000 of 64 bytes failed: Only part of a ReadProcessMemory or WriteProcessMemory request was completed. (0x12B)
[0625/135028:WARNING:pe_image_reader.cc(280)] could not read dos header from C:\Windows\system32\SHLWAPI.dll
[0625/135028:ERROR:process_reader_win.cc(232)] ReadMemory at 0x7ffd91c10000 of 64 bytes failed: Only part of a ReadProcessMemory or WriteProcessMemory request was completed. (0x12B)
[0625/135028:WARNING:pe_image_reader.cc(280)] could not read dos header from C:\Windows\system32\sechost.dll
[0625/135028:ERROR:process_reader_win.cc(232)] ReadMemory at 0x7ffd8fae0000 of 64 bytes failed: Only part of a ReadProcessMemory or WriteProcessMemory request was completed. (0x12B)
[0625/135028:WARNING:pe_image_reader.cc(280)] could not read dos header from C:\Windows\system32\ADVAPI32.dll
[0625/135028:ERROR:process_reader_win.cc(232)] ReadMemory at 0x7ffd88280000 of 64 bytes failed: Only part of a ReadProcessMemory or WriteProcessMemory request was completed. (0x12B)
[0625/135028:WARNING:pe_image_reader.cc(280)] could not read dos header from C:\Windows\SYSTEM32\MSVCR110.dll
[0625/135028:ERROR:process_reader_win.cc(232)] ReadMemory at 0x7ffd88140000 of 64 bytes failed: Only part of a ReadProcessMemory or WriteProcessMemory request was completed. (0x12B)
[0625/135028:WARNING:pe_image_reader.cc(280)] could not read dos header from C:\Windows\SYSTEM32\MSVCP110.dll
[0625/135028:ERROR:process_reader_win.cc(232)] ReadMemory at 0x7ffd892e0000 of 64 bytes failed: Only part of a ReadProcessMemory or WriteProcessMemory request was completed. (0x12B)
[0625/135028:WARNING:pe_image_reader.cc(280)] could not read dos header from C:\Windows\system32\tmumh\20019\AddOn\6.70.0.1078\TmUmEvt64.dll
[0625/135028:ERROR:process_reader_win.cc(232)] ReadMemory at 0x54630000 of 64 bytes failed: Only part of a ReadProcessMemory or WriteProcessMemory request was completed. (0x12B)
[0625/135028:WARNING:pe_image_reader.cc(280)] could not read dos header from C:\Windows\system32\tmumh\20019\TmMon\1.6.0.1112\tmmon64.dll
[0625/135028:ERROR:process_reader_win.cc(232)] ReadMemory at 0x7ffd8e3d0000 of 64 bytes failed: Only part of a ReadProcessMemory or WriteProcessMemory request was completed. (0x12B)
[0625/135028:WARNING:pe_image_reader.cc(280)] could not read dos header from C:\Windows\SYSTEM32\CRYPTBASE.DLL
[0625/135028:ERROR:process_reader_win.cc(232)] ReadMemory at 0x7ffd840b0000 of 64 bytes failed: Only part of a ReadProcessMemory or WriteProcessMemory request was completed. (0x12B)
[0625/135028:WARNING:pe_image_reader.cc(280)] could not read dos header from C:\Program Files (x86)\Google\Chrome\Application\51.0.2704.103\chrome_elf.dll
[0625/135028:ERROR:process_reader_win.cc(232)] ReadMemory at 0x7ffd8dca0000 of 64 bytes failed: Only part of a ReadProcessMemory or WriteProcessMemory request was completed. (0x12B)
[0625/135028:WARNING:pe_image_reader.cc(280)] could not read dos header from C:\Windows\SYSTEM32\VERSION.dll
[0625/135028:ERROR:process_reader_win.cc(232)] ReadMemory at 0x7ffd8f510000 of 64 bytes failed: Only part of a ReadProcessMemory or WriteProcessMemory request was completed. (0x12B)
[0625/135028:WARNING:pe_image_reader.cc(280)] could not read dos header from C:\Windows\system32\cfgmgr32.dll
[0625/135028:ERROR:process_reader_win.cc(232)] ReadMemory at 0x7ffd8c700000 of 64 bytes failed: Only part of a ReadProcessMemory or WriteProcessMemory request was completed. (0x12B)
[0625/135028:WARNING:pe_image_reader.cc(280)] could not read dos header from C:\Windows\SYSTEM32\WINMMBASE.dll
[0625/135028:ERROR:process_reader_win.cc(232)] ReadMemory at 0x7ffd8c730000 of 64 bytes failed: Only part of a ReadProcessMemory or WriteProcessMemory request was completed. (0x12B)
[0625/135028:WARNING:pe_image_reader.cc(280)] could not read dos header from C:\Windows\SYSTEM32\WINMM.dll
[0625/135028:ERROR:process_reader_win.cc(232)] ReadMemory at 0x7ffd8e8d0000 of 64 bytes failed: Only part of a ReadProcessMemory or WriteProcessMemory request was completed. (0x12B)
[0625/135028:WARNING:pe_image_reader.cc(280)] could not read dos header from C:\Windows\system32\profapi.dll
[0625/135028:ERROR:process_reader_win.cc(232)] ReadMemory at 0x7ffd8e090000 of 64 bytes failed: Only part of a ReadProcessMemory or WriteProcessMemory request was completed. (0x12B)
[0625/135028:WARNING:pe_image_reader.cc(280)] could not read dos header from C:\Windows\SYSTEM32\USERENV.dll
[0625/135028:ERROR:process_reader_win.cc(232)] ReadMemory at 0x7ffd8dcb0000 of 64 bytes failed: Only part of a ReadProcessMemory or WriteProcessMemory request was completed. (0x12B)
[0625/135028:WARNING:pe_image_reader.cc(280)] could not read dos header from C:\Windows\SYSTEM32\WTSAPI32.dll
[0625/135028:ERROR:process_reader_win.cc(232)] ReadMemory at 0x7ffd8a4a0000 of 64 bytes failed: Only part of a ReadProcessMemory or WriteProcessMemory request was completed. (0x12B)
[0625/135028:WARNING:pe_image_reader.cc(280)] could not read dos header from C:\Windows\SYSTEM32\WINHTTP.dll
[0625/135028:ERROR:process_reader_win.cc(232)] ReadMemory at 0x7ffd8e940000 of 64 bytes failed: Only part of a ReadProcessMemory or WriteProcessMemory request was completed. (0x12B)
[0625/135028:WARNING:pe_image_reader.cc(280)] could not read dos header from C:\Windows\system32\kernel.appcore.dll
[0625/135028:ERROR:process_reader_win.cc(232)] ReadMemory at 0x7ffd8f5f0000 of 64 bytes failed: Only part of a ReadProcessMemory or WriteProcessMemory request was completed. (0x12B)
[0625/135028:WARNING:pe_image_reader.cc(280)] could not read dos header from C:\Windows\system32\shcore.dll
[0625/135028:ERROR:process_reader_win.cc(232)] ReadMemory at 0x7ffd8e8f0000 of 64 bytes failed: Only part of a ReadProcessMemory or WriteProcessMemory request was completed. (0x12B)
[0625/135028:WARNING:pe_image_reader.cc(280)] could not read dos header from C:\Windows\system32\powrprof.dll
[0625/135028:ERROR:process_reader_win.cc(232)] ReadMemory at 0x7ffd8e960000 of 64 bytes failed: Only part of a ReadProcessMemory or WriteProcessMemory request was completed. (0x12B)
[0625/135028:WARNING:pe_image_reader.cc(280)] could not read dos header from C:\Windows\system32\windows.storage.dll
[0625/135028:ERROR:process_reader_win.cc(232)] ReadMemory at 0x7ffd905e0000 of 64 bytes failed: Only part of a ReadProcessMemory or WriteProcessMemory request was completed. (0x12B)
[0625/135028:WARNING:pe_image_reader.cc(280)] could not read dos header from C:\Windows\system32\SHELL32.dll
[0625/135028:ERROR:process_reader_win.cc(232)] ReadMemory at 0x7ffd8e4d0000 of 64 bytes failed: Only part of a ReadProcessMemory or WriteProcessMemory request was completed. (0x12B)
[0625/135028:WARNING:pe_image_reader.cc(280)] could not read dos header from C:\Windows\SYSTEM32\bcrypt.dll
[0625/135028:ERROR:process_reader_win.cc(232)] ReadMemory at 0x7ffd8ada0000 of 64 bytes failed: Only part of a ReadProcessMemory or WriteProcessMemory request was completed. (0x12B)
[0625/135028:WARNING:pe_image_reader.cc(280)] could not read dos header from C:\Windows\SYSTEM32\WINSPOOL.DRV
[0625/135028:ERROR:process_reader_win.cc(232)] ReadMemory at 0x7ffd855b0000 of 64 bytes failed: Only part of a ReadProcessMemory or WriteProcessMemory request was completed. (0x12B)
[0625/135028:WARNING:pe_image_reader.cc(280)] could not read dos header from C:\Windows\WinSxS\amd64_microsoft.windows.common-controls_6595b64144ccf1df_6.0.10586.0_none_8c15ae12515e1c22\COMCTL32.dll
[0625/135028:ERROR:process_reader_win.cc(232)] ReadMemory at 0x7ffd8f480000 of 64 bytes failed: Only part of a ReadProcessMemory or WriteProcessMemory request was completed. (0x12B)
[0625/135028:WARNING:pe_image_reader.cc(280)] could not read dos header from C:\Windows\system32\FirewallAPI.dll
[0625/135028:ERROR:process_reader_win.cc(232)] ReadMemory at 0x7ffd8d3d0000 of 64 bytes failed: Only part of a ReadProcessMemory or WriteProcessMemory request was completed. (0x12B)
[0625/135028:WARNING:pe_image_reader.cc(280)] could not read dos header from C:\Windows\system32\fwbase.dll
[0625/135028:ERROR:process_reader_win.cc(232)] ReadMemory at 0x7ffd8f560000 of 64 bytes failed: Only part of a ReadProcessMemory or WriteProcessMemory request was completed. (0x12B)
[0625/135028:WARNING:pe_image_reader.cc(280)] could not read dos header from C:\Windows\system32\NETAPI32.dll
[0625/135028:ERROR:process_reader_win.cc(232)] ReadMemory at 0x7ffd85930000 of 64 bytes failed: Only part of a ReadProcessMemory or WriteProcessMemory request was completed. (0x12B)
[0625/135028:WARNING:pe_image_reader.cc(280)] could not read dos header from C:\Windows\SYSTEM32\DAVHLPR.DLL
[0625/135028:ERROR:process_reader_win.cc(232)] ReadMemory at 0x7ffd8fb90000 of 64 bytes failed: Only part of a ReadProcessMemory or WriteProcessMemory request was completed. (0x12B)
[0625/135028:WARNING:pe_image_reader.cc(280)] could not read dos header from C:\Windows\system32\COMDLG32.dll
[0625/135028:ERROR:process_reader_win.cc(232)] ReadMemory at 0x7ffd8f930000 of 64 bytes failed: Only part of a ReadProcessMemory or WriteProcessMemory request was completed. (0x12B)
[0625/135028:WARNING:pe_image_reader.cc(280)] could not read dos header from C:\Windows\system32\ole32.dll
[0625/135028:ERROR:process_reader_win.cc(232)] ReadMemory at 0x7ffd90510000 of 64 bytes failed: Only part of a ReadProcessMemory or WriteProcessMemory request was completed. (0x12B)
[0625/135028:WARNING:pe_image_reader.cc(280)] could not read dos header from C:\Windows\system32\OLEAUT32.dll
[0625/135028:ERROR:process_reader_win.cc(232)] ReadMemory at 0x7ffd8b960000 of 64 bytes failed: Only part of a ReadProcessMemory or WriteProcessMemory request was completed. (0x12B)
[0625/135028:WARNING:pe_image_reader.cc(280)] could not read dos header from C:\Windows\SYSTEM32\IPHLPAPI.DLL
[0625/135028:ERROR:process_reader_win.cc(232)] ReadMemory at 0x7ffd91b40000 of 64 bytes failed: Only part of a ReadProcessMemory or WriteProcessMemory request was completed. (0x12B)
[0625/135028:WARNING:pe_image_reader.cc(280)] could not read dos header from C:\Windows\system32\WS2_32.dll
[0625/135028:ERROR:process_reader_win.cc(232)] ReadMemory at 0x7ffd68810000 of 64 bytes failed: Only part of a ReadProcessMemory or WriteProcessMemory request was completed. (0x12B)
[0625/135028:WARNING:pe_image_reader.cc(280)] could not read dos header from C:\Windows\SYSTEM32\USP10.dll
[0625/135028:ERROR:process_reader_win.cc(232)] ReadMemory at 0x7ffd8e950000 of 64 bytes failed: Only part of a ReadProcessMemory or WriteProcessMemory request was completed. (0x12B)
[0625/135028:WARNING:pe_image_reader.cc(280)] could not read dos header from C:\Windows\system32\MSASN1.dll
[0625/135028:ERROR:process_reader_win.cc(232)] ReadMemory at 0x7ffd8f2b0000 of 64 bytes failed: Only part of a ReadProcessMemory or WriteProcessMemory request was completed. (0x12B)
[0625/135028:WARNING:pe_image_reader.cc(280)] could not read dos header from C:\Windows\system32\CRYPT32.dll
[0625/135028:ERROR:process_reader_win.cc(232)] ReadMemory at 0x7ffd8efb0000 of 64 bytes failed: Only part of a ReadProcessMemory or WriteProcessMemory request was completed. (0x12B)
[0625/135028:WARNING:pe_image_reader.cc(280)] could not read dos header from C:\Windows\system32\WINTRUST.dll
[0625/135028:ERROR:process_reader_win.cc(232)] ReadMemory at 0x7ffd8dcd0000 of 64 bytes failed: Only part of a ReadProcessMemory or WriteProcessMemory request was completed. (0x12B)
[0625/135028:WARNING:pe_image_reader.cc(280)] could not read dos header from C:\Windows\SYSTEM32\Secur32.dll
[0625/135028:ERROR:process_reader_win.cc(232)] ReadMemory at 0x7ffd8e5e0000 of 64 bytes failed: Only part of a ReadProcessMemory or WriteProcessMemory request was completed. (0x12B)
[0625/135028:WARNING:pe_image_reader.cc(280)] could not read dos header from C:\Windows\SYSTEM32\SSPICLI.DLL
[0625/135028:ERROR:process_reader_win.cc(232)] ReadMemory at 0x7ffd36370000 of 64 bytes failed: Only part of a ReadProcessMemory or WriteProcessMemory request was completed. (0x12B)
[0625/135028:WARNING:pe_image_reader.cc(280)] could not read dos header from C:\Program Files (x86)\Google\Chrome\Application\51.0.2704.103\chrome_child.dll
[0625/135028:ERROR:process_reader_win.cc(232)] ReadMemory at 0x7ffd77510000 of 64 bytes failed: Only part of a ReadProcessMemory or WriteProcessMemory request was completed. (0x12B)
[0625/135028:WARNING:pe_image_reader.cc(280)] could not read dos header from C:\Windows\SYSTEM32\dwrite.dll
[0625/135028:ERROR:process_reader_win.cc(232)] ReadMemory at 0x7ff66b511928 of 12 bytes failed: Only part of a ReadProcessMemory or WriteProcessMemory request was completed. (0x12B)
[0625/135028:WARNING:process_snapshot_win.cc(102)] ReadMemory ExceptionInformation failed
[0625/135028:WARNING:crash_report_exception_handler.cc(60)] ProcessSnapshotWin::InitializeException failed
[0625/135028:ERROR:scoped_process_suspend.cc(38)] NtResumeProcess, ntstatus=-1073741558
